<?xml version="1.0" encoding="UTF-8"?>
<!-- Generated by org.testng.reporters.JUnitReportReporter -->
<testsuite hostname="DESKTOP-FJSIPL4" failures="0" tests="1" name="com.api.automation_scripts.GoogleAPITestScrpts" time="9.764" errors="0" timestamp="28 Aug 2023 16:23:57 GMT" skipped="0">
  <testcase classname="com.api.automation_scripts.GoogleAPITestScrpts" name="validateAddPlaceAPI" time="9.764"/>
</testsuite> <!-- com.api.automation_scripts.GoogleAPITestScrpts -->
